Copyright 1986-2018 Xilinx, Inc. All Rights Reserved.
------------------------------------------------------------------------------------------------
| Tool Version : Vivado v.2018.1 (lin64) Build 2188600 Wed Apr  4 18:39:19 MDT 2018
| Date         : Wed Jun  3 15:13:39 2020
| Host         : hkermabon-PC running 64-bit Ubuntu 18.04.4 LTS
| Command      : report_clock_utilization -file xilinx_dma_pcie_ep_clock_utilization_routed.rpt
| Design       : xilinx_dma_pcie_ep
| Device       : 7vx690t-ffg1761
| Speed File   : -3  PRODUCTION 1.11 2014-09-11
------------------------------------------------------------------------------------------------

Clock Utilization Report

Table of Contents
-----------------
1. Clock Primitive Utilization
2. Global Clock Resources
3. Global Clock Source Details
4. Local Clock Details
5. Clock Regions: Key Resource Utilization
6. Clock Regions : Global Clock Summary
7. Device Cell Placement Summary for Global Clock g0
8. Device Cell Placement Summary for Global Clock g1
9. Device Cell Placement Summary for Global Clock g2
10. Device Cell Placement Summary for Global Clock g3
11. Device Cell Placement Summary for Global Clock g4
12. Clock Region Cell Placement per Global Clock: Region X1Y3
13. Clock Region Cell Placement per Global Clock: Region X1Y4
14. Clock Region Cell Placement per Global Clock: Region X0Y5
15. Clock Region Cell Placement per Global Clock: Region X1Y5
16. Clock Region Cell Placement per Global Clock: Region X0Y6
17. Clock Region Cell Placement per Global Clock: Region X1Y6

1. Clock Primitive Utilization
------------------------------

+----------+------+-----------+-----+--------------+--------+
| Type     | Used | Available | LOC | Clock Region | Pblock |
+----------+------+-----------+-----+--------------+--------+
| BUFGCTRL |    5 |        32 |   0 |            0 |      0 |
| BUFH     |    0 |       240 |   0 |            0 |      0 |
| BUFIO    |    0 |        80 |   0 |            0 |      0 |
| BUFMR    |    0 |        40 |   0 |            0 |      0 |
| BUFR     |    0 |        80 |   0 |            0 |      0 |
| MMCM     |    1 |        20 |   0 |            0 |      0 |
| PLL      |    0 |        20 |   0 |            0 |      0 |
+----------+------+-----------+-----+--------------+--------+


2. Global Clock Resources
-------------------------

+-----------+-----------+-----------------+------------+----------------+--------------+-------------------+-------------+-----------------+--------------+-----------------+--------------------------------------------------------------------------------------------------------------+----------------------------------------------------------------------------------------------------+
| Global Id | Source Id | Driver Type/Pin | Constraint | Site           | Clock Region | Load Clock Region | Clock Loads | Non-Clock Loads | Clock Period | Clock           | Driver Pin                                                                                                   | Net                                                                                                |
+-----------+-----------+-----------------+------------+----------------+--------------+-------------------+-------------+-----------------+--------------+-----------------+--------------------------------------------------------------------------------------------------------------+----------------------------------------------------------------------------------------------------+
| g0        | src0      | BUFG/O          | None       | BUFGCTRL_X0Y16 | n/a          |                 5 |       17703 |               0 |        4.000 | userclk2        | xdma_0_i/inst/pcie3_ip_i/inst/gt_top_i/pipe_wrapper_i/pipe_clock_int.pipe_clock_i/userclk2_i1.usrclk2_i1/O   | xdma_0_i/inst/pcie3_ip_i/inst/gt_top_i/pipe_wrapper_i/pipe_clock_int.pipe_clock_i/CLK_USERCLK2     |
| g1        | src0      | BUFGCTRL/O      | None       | BUFGCTRL_X0Y17 | n/a          |                 2 |        2685 |               0 |        4.000 | Multiple        | xdma_0_i/inst/pcie3_ip_i/inst/gt_top_i/pipe_wrapper_i/pipe_clock_int.pipe_clock_i/pclk_i1_bufgctrl.pclk_i1/O | xdma_0_i/inst/pcie3_ip_i/inst/gt_top_i/pipe_wrapper_i/pipe_clock_int.pipe_clock_i/CLK_RXUSRCLK     |
| g2        | src0      | BUFG/O          | None       | BUFGCTRL_X0Y18 | n/a          |                 3 |         824 |               0 |        8.000 | clk_125mhz_x0y1 | xdma_0_i/inst/pcie3_ip_i/inst/gt_top_i/pipe_wrapper_i/pipe_clock_int.pipe_clock_i/dclk_i_bufg.dclk_i/O       | xdma_0_i/inst/pcie3_ip_i/inst/gt_top_i/pipe_wrapper_i/pipe_clock_int.pipe_clock_i/CLK_DCLK         |
| g3        | src1      | BUFG/O          | None       | BUFGCTRL_X0Y20 | n/a          |                 2 |          72 |               0 |       10.000 | sys_clk         | xdma_0_i/inst/pcie3_ip_i/inst/gt_top_i/pipe_wrapper_i/cpllpd_refclk_inst/O                                   | xdma_0_i/inst/pcie3_ip_i/inst/gt_top_i/pipe_wrapper_i/gt_cpllpdrefclk                              |
| g4        | src0      | BUFG/O          | None       | BUFGCTRL_X0Y19 | n/a          |                 2 |          33 |               0 |        2.000 | userclk1        | xdma_0_i/inst/pcie3_ip_i/inst/gt_top_i/pipe_wrapper_i/pipe_clock_int.pipe_clock_i/userclk1_i1.usrclk1_i1/O   | xdma_0_i/inst/pcie3_ip_i/inst/gt_top_i/pipe_wrapper_i/pipe_clock_int.pipe_clock_i/int_userclk1_out |
+-----------+-----------+-----------------+------------+----------------+--------------+-------------------+-------------+-----------------+--------------+-----------------+--------------------------------------------------------------------------------------------------------------+----------------------------------------------------------------------------------------------------+
* Clock Loads column represents the clock pin loads (pin count)
** Non-Clock Loads column represents the non-clock pin loads (pin count)


3. Global Clock Source Details
------------------------------

+-----------+-----------+--------------------+-------------------+-------------------+--------------+-------------+-----------------+---------------------+-----------------+--------------------------------------------------------------------------------------------------+----------------------------------------------------------------------------------------------+
| Source Id | Global Id | Driver Type/Pin    | Constraint        | Site              | Clock Region | Clock Loads | Non-Clock Loads | Source Clock Period | Source Clock    | Driver Pin                                                                                       | Net                                                                                          |
+-----------+-----------+--------------------+-------------------+-------------------+--------------+-------------+-----------------+---------------------+-----------------+--------------------------------------------------------------------------------------------------+----------------------------------------------------------------------------------------------+
| src0      | g1, g2    | MMCME2_ADV/CLKOUT0 | None              | MMCME2_ADV_X1Y5   | X1Y5         |           2 |               0 |               8.000 | clk_125mhz_x0y1 | xdma_0_i/inst/pcie3_ip_i/inst/gt_top_i/pipe_wrapper_i/pipe_clock_int.pipe_clock_i/mmcm_i/CLKOUT0 | xdma_0_i/inst/pcie3_ip_i/inst/gt_top_i/pipe_wrapper_i/pipe_clock_int.pipe_clock_i/clk_125mhz |
| src0      | g4        | MMCME2_ADV/CLKOUT2 | None              | MMCME2_ADV_X1Y5   | X1Y5         |           1 |               0 |               2.000 | userclk1        | xdma_0_i/inst/pcie3_ip_i/inst/gt_top_i/pipe_wrapper_i/pipe_clock_int.pipe_clock_i/mmcm_i/CLKOUT2 | xdma_0_i/inst/pcie3_ip_i/inst/gt_top_i/pipe_wrapper_i/pipe_clock_int.pipe_clock_i/userclk1   |
| src0      | g0        | MMCME2_ADV/CLKOUT3 | None              | MMCME2_ADV_X1Y5   | X1Y5         |           1 |               0 |               4.000 | userclk2        | xdma_0_i/inst/pcie3_ip_i/inst/gt_top_i/pipe_wrapper_i/pipe_clock_int.pipe_clock_i/mmcm_i/CLKOUT3 | xdma_0_i/inst/pcie3_ip_i/inst/gt_top_i/pipe_wrapper_i/pipe_clock_int.pipe_clock_i/userclk2   |
| src1      | g3        | IBUFDS_GTE2/O      | IBUFDS_GTE2_X1Y11 | IBUFDS_GTE2_X1Y11 | X1Y5         |          11 |               0 |              10.000 | sys_clk         | refclk_ibuf/O                                                                                    | sys_clk                                                                                      |
+-----------+-----------+--------------------+-------------------+-------------------+--------------+-------------+-----------------+---------------------+-----------------+--------------------------------------------------------------------------------------------------+----------------------------------------------------------------------------------------------+
* Clock Loads column represents the clock pin loads (pin count)
** Non-Clock Loads column represents the non-clock pin loads (pin count)


4. Local Clock Details
----------------------

+----------+------------------------+---------------------+-----------------------------------+--------------+-------------+-----------------+--------------+---------------+----------------------------------------------------------------------------------------------------------------------+---------------------------------------------------------------------------------------------------+
| Local Id | Driver Type/Pin        | Constraint          | Site/BEL                          | Clock Region | Clock Loads | Non-Clock Loads | Clock Period | Clock         | Driver Pin                                                                                                           | Net                                                                                               |
+----------+------------------------+---------------------+-----------------------------------+--------------+-------------+-----------------+--------------+---------------+----------------------------------------------------------------------------------------------------------------------+---------------------------------------------------------------------------------------------------||
| 0        | GTHE2_CHANNEL/TXOUTCLK | GTHE2_CHANNEL_X1Y23 | GTHE2_CHANNEL_X1Y23/GTHE2_CHANNEL | X1Y5         |           1 |               0 |       10.000 | txoutclk_x0y1 | xdma_0_i/inst/pcie3_ip_i/inst/gt_top_i/pipe_wrapper_i/pipe_lane[0].gt_wrapper_i/gth_channel.gthe2_channel_i/TXOUTCLK | xdma_0_i/inst/pcie3_ip_i/inst/gt_top_i/pipe_wrapper_i/pipe_lane[0].gt_wrapper_i/pipe_txoutclk_out - Static -
| 1        | FDRE/Q                 | None                | SLICE_X218Y293/BFF                | X1Y5         |           1 |               0 |              |               | xdma_0_i/inst/pcie3_ip_i/inst/gt_top_i/pipe_wrapper_i/pipe_lane[0].pipe_user_i/oobclk_div.oobclk_reg/Q               | xdma_0_i/inst/pcie3_ip_i/inst/gt_top_i/pipe_wrapper_i/pipe_lane[0].pipe_user_i/USER_OOBCLK        - Static -
| 2        | FDRE/Q                 | None                | SLICE_X215Y282/BFF                | X1Y5         |           1 |               0 |              |               | xdma_0_i/inst/pcie3_ip_i/inst/gt_top_i/pipe_wrapper_i/pipe_lane[1].pipe_user_i/oobclk_div.oobclk_reg/Q               | xdma_0_i/inst/pcie3_ip_i/inst/gt_top_i/pipe_wrapper_i/pipe_lane[1].pipe_user_i/USER_OOBCLK        - Static -
| 3        | FDRE/Q                 | None                | SLICE_X217Y264/BFF                | X1Y5         |           1 |               0 |              |               | xdma_0_i/inst/pcie3_ip_i/inst/gt_top_i/pipe_wrapper_i/pipe_lane[2].pipe_user_i/oobclk_div.oobclk_reg/Q               | xdma_0_i/inst/pcie3_ip_i/inst/gt_top_i/pipe_wrapper_i/pipe_lane[2].pipe_user_i/USER_OOBCLK        - Static -
| 4        | FDRE/Q                 | None                | SLICE_X218Y254/CFF                | X1Y5         |           1 |               0 |              |               | xdma_0_i/inst/pcie3_ip_i/inst/gt_top_i/pipe_wrapper_i/pipe_lane[3].pipe_user_i/oobclk_div.oobclk_reg/Q               | xdma_0_i/inst/pcie3_ip_i/inst/gt_top_i/pipe_wrapper_i/pipe_lane[3].pipe_user_i/USER_OOBCLK        - Static -
| 5        | FDRE/Q                 | None                | SLICE_X220Y246/BFF                | X1Y4         |           1 |               0 |              |               | xdma_0_i/inst/pcie3_ip_i/inst/gt_top_i/pipe_wrapper_i/pipe_lane[4].pipe_user_i/oobclk_div.oobclk_reg/Q               | xdma_0_i/inst/pcie3_ip_i/inst/gt_top_i/pipe_wrapper_i/pipe_lane[4].pipe_user_i/USER_OOBCLK        - Static -
| 6        | FDRE/Q                 | None                | SLICE_X213Y232/BFF                | X1Y4         |           1 |               0 |              |               | xdma_0_i/inst/pcie3_ip_i/inst/gt_top_i/pipe_wrapper_i/pipe_lane[5].pipe_user_i/oobclk_div.oobclk_reg/Q               | xdma_0_i/inst/pcie3_ip_i/inst/gt_top_i/pipe_wrapper_i/pipe_lane[5].pipe_user_i/USER_OOBCLK        - Static -
| 7        | FDRE/Q                 | None                | SLICE_X210Y218/CFF                | X1Y4         |           1 |               0 |              |               | xdma_0_i/inst/pcie3_ip_i/inst/gt_top_i/pipe_wrapper_i/pipe_lane[6].pipe_user_i/oobclk_div.oobclk_reg/Q               | xdma_0_i/inst/pcie3_ip_i/inst/gt_top_i/pipe_wrapper_i/pipe_lane[6].pipe_user_i/USER_OOBCLK        - Static -
| 8        | FDRE/Q                 | None                | SLICE_X214Y213/CFF                | X1Y4         |           1 |               0 |              |               | xdma_0_i/inst/pcie3_ip_i/inst/gt_top_i/pipe_wrapper_i/pipe_lane[7].pipe_user_i/oobclk_div.oobclk_reg/Q               | xdma_0_i/inst/pcie3_ip_i/inst/gt_top_i/pipe_wrapper_i/pipe_lane[7].pipe_user_i/USER_OOBCLK        - Static -
+----------+------------------------+---------------------+-----------------------------------+--------------+-------------+-----------------+--------------+---------------+----------------------------------------------------------------------------------------------------------------------+---------------------------------------------------------------------------------------------------||
* Local Clocks in this context represents only clocks driven by non-global buffers
** Clock Loads column represents the clock pin loads (pin count)
*** Non-Clock Loads column represents the non-clock pin loads (pin count)


5. Clock Regions: Key Resource Utilization
------------------------------------------

+-------------------+--------------+--------------+--------------+--------------+--------------+--------------+--------------+--------------+--------------+--------------+---------------+--------------+--------------+--------------+--------------+
|                   | Global Clock |     BUFRs    |    BUFMRs    |    BUFIOs    |     MMCM     |      PLL     |      GT      |      PCI     |    ILOGIC    |    OLOGIC    |       FF      |     LUTM     |    RAMB18    |    RAMB36    |    DSP48E2   |
+-------------------+------+-------+------+-------+------+-------+------+-------+------+-------+------+-------+------+-------+------+-------+------+-------+------+-------+-------+-------+------+-------+------+-------+------+-------+------+-------+
| Clock Region Name | Used | Avail | Used | Avail | Used | Avail | Used | Avail | Used | Avail | Used | Avail | Used | Avail | Used | Avail | Used | Avail | Used | Avail | Used  | Avail | Used | Avail | Used | Avail | Used | Avail | Used | Avail |
+-------------------+------+-------+------+-------+------+-------+------+-------+------+-------+------+-------+------+-------+------+-------+------+-------+------+-------+-------+-------+------+-------+------+-------+------+-------+------+-------+
| X0Y0              |    0 |    12 |    0 |     4 |    0 |     2 |    0 |     4 |    0 |     1 |    0 |     1 |    0 |     4 |    0 |     0 |    0 |    50 |    0 |    50 |     0 |  5300 |    0 |  1850 |    0 |   140 |    0 |    70 |    0 |   140 |
| X1Y0              |    0 |    12 |    0 |     4 |    0 |     2 |    0 |     4 |    0 |     1 |    0 |     1 |    0 |     4 |    0 |     0 |    0 |    50 |    0 |    50 |     0 |  5800 |    0 |  2550 |    0 |   160 |    0 |    80 |    0 |   220 |
| X0Y1              |    0 |    12 |    0 |     4 |    0 |     2 |    0 |     4 |    0 |     1 |    0 |     1 |    0 |     4 |    0 |     0 |    0 |    50 |    0 |    50 |     0 |  5300 |    0 |  1850 |    0 |   140 |    0 |    70 |    0 |   140 |
| X1Y1              |    0 |    12 |    0 |     4 |    0 |     2 |    0 |     4 |    0 |     1 |    0 |     1 |    0 |     4 |    0 |     0 |    0 |    50 |    0 |    50 |     0 |  5550 |    0 |  2475 |    0 |   150 |    0 |    75 |    0 |   220 |
| X0Y2              |    0 |    12 |    0 |     4 |    0 |     2 |    0 |     4 |    0 |     1 |    0 |     1 |    0 |     4 |    0 |     0 |    0 |    50 |    0 |    50 |     0 |  5300 |    0 |  1850 |    0 |   140 |    0 |    70 |    0 |   140 |
| X1Y2              |    0 |    12 |    0 |     4 |    0 |     2 |    0 |     4 |    0 |     1 |    0 |     1 |    0 |     4 |    0 |     1 |    0 |    50 |    0 |    50 |     0 |  5550 |    0 |  2475 |    0 |   150 |    0 |    75 |    0 |   220 |
| X0Y3              |    0 |    12 |    0 |     4 |    0 |     2 |    0 |     4 |    0 |     1 |    0 |     1 |    0 |     4 |    0 |     0 |    0 |    50 |    0 |    50 |     0 |  5300 |    0 |  1850 |    0 |   140 |    0 |    70 |    0 |   140 |
| X1Y3              |    1 |    12 |    0 |     4 |    0 |     2 |    0 |     4 |    0 |     1 |    0 |     1 |    0 |     4 |    0 |     0 |    0 |    50 |    0 |    50 |     6 |  5800 |    2 |  2550 |    0 |   160 |    0 |    80 |    0 |   220 |
| X0Y4              |    0 |    12 |    0 |     4 |    0 |     2 |    0 |     4 |    0 |     1 |    0 |     1 |    0 |     4 |    0 |     0 |    0 |    50 |    0 |    50 |     0 |  4700 |    0 |  1850 |    0 |   140 |    0 |    70 |    0 |   140 |
| X1Y4              |    5 |    12 |    0 |     4 |    0 |     2 |    0 |     4 |    0 |     1 |    0 |     1 |    4 |     4 |    0 |     0 |    0 |    50 |    0 |    50 |  4480 |  5550 | 1785 |  2475 |    4 |   150 |    8 |    75 |    0 |   220 |
| X0Y5              |    1 |    12 |    0 |     4 |    0 |     2 |    0 |     4 |    0 |     1 |    0 |     1 |    0 |     4 |    0 |     0 |    0 |    50 |    0 |    50 |   121 |  4700 |   85 |  1850 |    0 |   140 |    2 |    70 |    0 |   140 |
| X1Y5              |    5 |    12 |    0 |     4 |    0 |     2 |    0 |     4 |    1 |     1 |    0 |     1 |    4 |     4 |    1 |     1 |    0 |    50 |    0 |    50 | 13740 |  5550 | 5791 |  2475 |    2 |   150 |   21 |    75 |    0 |   220 |
| X0Y6              |    1 |    12 |    0 |     4 |    0 |     2 |    0 |     4 |    0 |     1 |    0 |     1 |    0 |     4 |    0 |     0 |    0 |    50 |    0 |    50 |     4 |  5300 |    1 |  1850 |    0 |   140 |    0 |    70 |    0 |   140 |
| X1Y6              |    1 |    12 |    0 |     4 |    0 |     2 |    0 |     4 |    0 |     1 |    0 |     1 |    0 |     4 |    0 |     0 |    0 |    50 |    0 |    50 |  2237 |  5800 | 1027 |  2550 |    0 |   160 |    7 |    80 |    0 |   220 |
| X0Y7              |    0 |    12 |    0 |     4 |    0 |     2 |    0 |     4 |    0 |     1 |    0 |     1 |    0 |     4 |    0 |     0 |    0 |    50 |    0 |    50 |     0 |  5300 |    0 |  1850 |    0 |   140 |    0 |    70 |    0 |   140 |
| X1Y7              |    0 |    12 |    0 |     4 |    0 |     2 |    0 |     4 |    0 |     1 |    0 |     1 |    0 |     4 |    0 |     0 |    0 |    50 |    0 |    50 |     0 |  5550 |    0 |  2475 |    0 |   150 |    0 |    75 |    0 |   220 |
| X0Y8              |    0 |    12 |    0 |     4 |    0 |     2 |    0 |     4 |    0 |     1 |    0 |     1 |    0 |     4 |    0 |     0 |    0 |    50 |    0 |    50 |     0 |  5300 |    0 |  1850 |    0 |   140 |    0 |    70 |    0 |   140 |
| X1Y8              |    0 |    12 |    0 |     4 |    0 |     2 |    0 |     4 |    0 |     1 |    0 |     1 |    0 |     4 |    0 |     1 |    0 |    50 |    0 |    50 |     0 |  5550 |    0 |  2475 |    0 |   150 |    0 |    75 |    0 |   220 |
| X0Y9              |    0 |    12 |    0 |     4 |    0 |     2 |    0 |     4 |    0 |     1 |    0 |     1 |    0 |     4 |    0 |     0 |    0 |    50 |    0 |    50 |     0 |  5300 |    0 |  1850 |    0 |   140 |    0 |    70 |    0 |   140 |
| X1Y9              |    0 |    12 |    0 |     4 |    0 |     2 |    0 |     4 |    0 |     1 |    0 |     1 |    0 |     4 |    0 |     0 |    0 |    50 |    0 |    50 |     0 |  5800 |    0 |  2550 |    0 |   160 |    0 |    80 |    0 |   220 |
+-------------------+------+-------+------+-------+------+-------+------+-------+------+-------+------+-------+------+-------+------+-------+------+-------+------+-------+-------+-------+------+-------+------+-------+------+-------+------+-------+
* Global Clock column represents track count; while other columns represents cell counts


6. Clock Regions : Global Clock Summary
---------------------------------------

All Modules
+----+----+----+
|    | X0 | X1 |
+----+----+----+
| Y9 |  0 |  0 |
| Y8 |  0 |  0 |
| Y7 |  0 |  0 |
| Y6 |  1 |  1 |
| Y5 |  1 |  5 |
| Y4 |  0 |  5 |
| Y3 |  0 |  1 |
| Y2 |  0 |  0 |
| Y1 |  0 |  0 |
| Y0 |  0 |  0 |
+----+----+----+


7. Device Cell Placement Summary for Global Clock g0
----------------------------------------------------

+-----------+-----------------+-------------------+----------+-------------+---------------+-------------+----------+----------------+----------+------------------------------------------------------------------------------------------------+
| Global Id | Driver Type/Pin | Driver Region (D) | Clock    | Period (ns) | Waveform (ns) | Slice Loads | IO Loads | Clocking Loads | GT Loads | Net                                                                                            |
+-----------+-----------------+-------------------+----------+-------------+---------------+-------------+----------+----------------+----------+------------------------------------------------------------------------------------------------+
| g0        | BUFG/O          | n/a               | userclk2 |       4.000 | {0.000 2.000} |       17148 |        0 |              0 |        0 | xdma_0_i/inst/pcie3_ip_i/inst/gt_top_i/pipe_wrapper_i/pipe_clock_int.pipe_clock_i/CLK_USERCLK2 |
+-----------+-----------------+-------------------+----------+-------------+---------------+-------------+----------+----------------+----------+------------------------------------------------------------------------------------------------+
* Logic Loads column represents load cell count of all cell types other than IO, GT and clock resources
** IO Loads column represents load cell count of IO types
*** Clocking Loads column represents load cell count that are clock resources (global clock buffer, MMCM, PLL, etc)
**** GT Loads column represents load cell count of GT types


+----+------+--------+
|    | X0   | X1     |
+----+------+--------+
| Y9 |    0 |      0 |
| Y8 |    0 |      0 |
| Y7 |    0 |      0 |
| Y6 |    4 |   2244 |
| Y5 |  123 |  11890 |
| Y4 |    0 |   2887 |
| Y3 |    0 |      0 |
| Y2 |    0 |      0 |
| Y1 |    0 |      0 |
| Y0 |    0 |      0 |
+----+------+--------+


8. Device Cell Placement Summary for Global Clock g1
----------------------------------------------------

+-----------+-----------------+-------------------+----------+-------------+---------------+-------------+----------+----------------+----------+------------------------------------------------------------------------------------------------+
| Global Id | Driver Type/Pin | Driver Region (D) | Clock    | Period (ns) | Waveform (ns) | Slice Loads | IO Loads | Clocking Loads | GT Loads | Net                                                                                            |
+-----------+-----------------+-------------------+----------+-------------+---------------+-------------+----------+----------------+----------+------------------------------------------------------------------------------------------------+
| g1        | BUFGCTRL/O      | n/a               | Multiple |       4.000 | {0.000 2.000} |        2652 |        0 |              0 |        8 | xdma_0_i/inst/pcie3_ip_i/inst/gt_top_i/pipe_wrapper_i/pipe_clock_int.pipe_clock_i/CLK_RXUSRCLK |
+-----------+-----------------+-------------------+----------+-------------+---------------+-------------+----------+----------------+----------+------------------------------------------------------------------------------------------------+
* Logic Loads column represents load cell count of all cell types other than IO, GT and clock resources
** IO Loads column represents load cell count of IO types
*** Clocking Loads column represents load cell count that are clock resources (global clock buffer, MMCM, PLL, etc)
**** GT Loads column represents load cell count of GT types


+----+----+-------+
|    | X0 | X1    |
+----+----+-------+
| Y9 |  0 |     0 |
| Y8 |  0 |     0 |
| Y7 |  0 |     0 |
| Y6 |  0 |     0 |
| Y5 |  0 |  1474 |
| Y4 |  0 |  1186 |
| Y3 |  0 |     0 |
| Y2 |  0 |     0 |
| Y1 |  0 |     0 |
| Y0 |  0 |     0 |
+----+----+-------+


9. Device Cell Placement Summary for Global Clock g2
----------------------------------------------------

+-----------+-----------------+-------------------+-----------------+-------------+---------------+-------------+----------+----------------+----------+--------------------------------------------------------------------------------------------+
| Global Id | Driver Type/Pin | Driver Region (D) | Clock           | Period (ns) | Waveform (ns) | Slice Loads | IO Loads | Clocking Loads | GT Loads | Net                                                                                        |
+-----------+-----------------+-------------------+-----------------+-------------+---------------+-------------+----------+----------------+----------+--------------------------------------------------------------------------------------------+
| g2        | BUFG/O          | n/a               | clk_125mhz_x0y1 |       8.000 | {0.000 4.000} |         814 |        0 |              0 |       10 | xdma_0_i/inst/pcie3_ip_i/inst/gt_top_i/pipe_wrapper_i/pipe_clock_int.pipe_clock_i/CLK_DCLK |
+-----------+-----------------+-------------------+-----------------+-------------+---------------+-------------+----------+----------------+----------+--------------------------------------------------------------------------------------------+
* Logic Loads column represents load cell count of all cell types other than IO, GT and clock resources
** IO Loads column represents load cell count of IO types
*** Clocking Loads column represents load cell count that are clock resources (global clock buffer, MMCM, PLL, etc)
**** GT Loads column represents load cell count of GT types


+----+----+------+
|    | X0 | X1   |
+----+----+------+
| Y9 |  0 |    0 |
| Y8 |  0 |    0 |
| Y7 |  0 |    0 |
| Y6 |  0 |    0 |
| Y5 |  0 |  402 |
| Y4 |  0 |  416 |
| Y3 |  0 |    6 |
| Y2 |  0 |    0 |
| Y1 |  0 |    0 |
| Y0 |  0 |    0 |
+----+----+------+


10. Device Cell Placement Summary for Global Clock g3
-----------------------------------------------------

+-----------+-----------------+-------------------+---------+-------------+---------------+-------------+----------+----------------+----------+-----------------------------------------------------------------------+
| Global Id | Driver Type/Pin | Driver Region (D) | Clock   | Period (ns) | Waveform (ns) | Slice Loads | IO Loads | Clocking Loads | GT Loads | Net                                                                   |
+-----------+-----------------+-------------------+---------+-------------+---------------+-------------+----------+----------------+----------+-----------------------------------------------------------------------+
| g3        | BUFG/O          | n/a               | sys_clk |      10.000 | {0.000 5.000} |          72 |        0 |              0 |        0 | xdma_0_i/inst/pcie3_ip_i/inst/gt_top_i/pipe_wrapper_i/gt_cpllpdrefclk |
+-----------+-----------------+-------------------+---------+-------------+---------------+-------------+----------+----------------+----------+-----------------------------------------------------------------------+
* Logic Loads column represents load cell count of all cell types other than IO, GT and clock resources
** IO Loads column represents load cell count of IO types
*** Clocking Loads column represents load cell count that are clock resources (global clock buffer, MMCM, PLL, etc)
**** GT Loads column represents load cell count of GT types


+----+----+-----+
|    | X0 | X1  |
+----+----+-----+
| Y9 |  0 |   0 |
| Y8 |  0 |   0 |
| Y7 |  0 |   0 |
| Y6 |  0 |   0 |
| Y5 |  0 |  36 |
| Y4 |  0 |  36 |
| Y3 |  0 |   0 |
| Y2 |  0 |   0 |
| Y1 |  0 |   0 |
| Y0 |  0 |   0 |
+----+----+-----+


11. Device Cell Placement Summary for Global Clock g4
-----------------------------------------------------

+-----------+-----------------+-------------------+----------+-------------+---------------+-------------+----------+----------------+----------+----------------------------------------------------------------------------------------------------+
| Global Id | Driver Type/Pin | Driver Region (D) | Clock    | Period (ns) | Waveform (ns) | Slice Loads | IO Loads | Clocking Loads | GT Loads | Net                                                                                                |
+-----------+-----------------+-------------------+----------+-------------+---------------+-------------+----------+----------------+----------+----------------------------------------------------------------------------------------------------+
| g4        | BUFG/O          | n/a               | userclk1 |       2.000 | {0.000 1.000} |          15 |        0 |              0 |        0 | xdma_0_i/inst/pcie3_ip_i/inst/gt_top_i/pipe_wrapper_i/pipe_clock_int.pipe_clock_i/int_userclk1_out |
+-----------+-----------------+-------------------+----------+-------------+---------------+-------------+----------+----------------+----------+----------------------------------------------------------------------------------------------------+
* Logic Loads column represents load cell count of all cell types other than IO, GT and clock resources
** IO Loads column represents load cell count of IO types
*** Clocking Loads column represents load cell count that are clock resources (global clock buffer, MMCM, PLL, etc)
**** GT Loads column represents load cell count of GT types


+----+----+----+
|    | X0 | X1 |
+----+----+----+
| Y9 |  0 |  0 |
| Y8 |  0 |  0 |
| Y7 |  0 |  0 |
| Y6 |  0 |  0 |
| Y5 |  0 |  7 |
| Y4 |  0 |  8 |
| Y3 |  0 |  0 |
| Y2 |  0 |  0 |
| Y1 |  0 |  0 |
| Y0 |  0 |  0 |
+----+----+----+


12. Clock Region Cell Placement per Global Clock: Region X1Y3
-------------------------------------------------------------

+-----------+-------+-----------------+------------+-------------+-----------------+----+--------+------+-----+----+------+-----+---------+--------------------------------------------------------------------------------------------+
| Global Id | Track | Driver Type/Pin | Constraint | Clock Loads | Non-Clock Loads | FF | LUTRAM | RAMB | DSP | GT | MMCM | PLL | Hard IP | Net                                                                                        |
+-----------+-------+-----------------+------------+-------------+-----------------+----+--------+------+-----+----+------+-----+---------+--------------------------------------------------------------------------------------------+
| g2        | n/a   | BUFG/O          | None       |           6 |               0 |  6 |      0 |    0 |   0 |  0 |    0 |   0 |       0 | xdma_0_i/inst/pcie3_ip_i/inst/gt_top_i/pipe_wrapper_i/pipe_clock_int.pipe_clock_i/CLK_DCLK |
+-----------+-------+-----------------+------------+-------------+-----------------+----+--------+------+-----+----+------+-----+---------+--------------------------------------------------------------------------------------------+
* Clock Loads column represents the clock pin loads (pin count)
** Non-Clock Loads column represents the non-clock pin loads (pin count)
*** Columns FF, LUTRAM, RAMB through 'Hard IP' represents load cell counts


13. Clock Region Cell Placement per Global Clock: Region X1Y4
-------------------------------------------------------------

+-----------+-------+-----------------+------------+-------------+-----------------+------+--------+------+-----+----+------+-----+---------+----------------------------------------------------------------------------------------------------+
| Global Id | Track | Driver Type/Pin | Constraint | Clock Loads | Non-Clock Loads | FF   | LUTRAM | RAMB | DSP | GT | MMCM | PLL | Hard IP | Net                                                                                                |
+-----------+-------+-----------------+------------+-------------+-----------------+------+--------+------+-----+----+------+-----+---------+----------------------------------------------------------------------------------------------------+
| g0        | n/a   | BUFG/O          | None       |        2887 |               0 | 2879 |      0 |    8 |   0 |  0 |    0 |   0 |       0 | xdma_0_i/inst/pcie3_ip_i/inst/gt_top_i/pipe_wrapper_i/pipe_clock_int.pipe_clock_i/CLK_USERCLK2     |
| g1        | n/a   | BUFGCTRL/O      | None       |        1186 |               0 | 1182 |      0 |    0 |   0 |  4 |    0 |   0 |       0 | xdma_0_i/inst/pcie3_ip_i/inst/gt_top_i/pipe_wrapper_i/pipe_clock_int.pipe_clock_i/CLK_RXUSRCLK     |
| g2        | n/a   | BUFG/O          | None       |         416 |               0 |  411 |      0 |    0 |   0 |  4 |    0 |   0 |       0 | xdma_0_i/inst/pcie3_ip_i/inst/gt_top_i/pipe_wrapper_i/pipe_clock_int.pipe_clock_i/CLK_DCLK         |
| g3        | n/a   | BUFG/O          | None       |          36 |               0 |    8 |     28 |    0 |   0 |  0 |    0 |   0 |       0 | xdma_0_i/inst/pcie3_ip_i/inst/gt_top_i/pipe_wrapper_i/gt_cpllpdrefclk                              |
| g4        | n/a   | BUFG/O          | None       |           8 |               0 |    0 |      0 |    4 |   0 |  0 |    0 |   0 |       0 | xdma_0_i/inst/pcie3_ip_i/inst/gt_top_i/pipe_wrapper_i/pipe_clock_int.pipe_clock_i/int_userclk1_out |
+-----------+-------+-----------------+------------+-------------+-----------------+------+--------+------+-----+----+------+-----+---------+----------------------------------------------------------------------------------------------------+
* Clock Loads column represents the clock pin loads (pin count)
** Non-Clock Loads column represents the non-clock pin loads (pin count)
*** Columns FF, LUTRAM, RAMB through 'Hard IP' represents load cell counts


14. Clock Region Cell Placement per Global Clock: Region X0Y5
-------------------------------------------------------------

+-----------+-------+-----------------+------------+-------------+-----------------+-----+--------+------+-----+----+------+-----+---------+------------------------------------------------------------------------------------------------+
| Global Id | Track | Driver Type/Pin | Constraint | Clock Loads | Non-Clock Loads | FF  | LUTRAM | RAMB | DSP | GT | MMCM | PLL | Hard IP | Net                                                                                            |
+-----------+-------+-----------------+------------+-------------+-----------------+-----+--------+------+-----+----+------+-----+---------+------------------------------------------------------------------------------------------------+
| g0        | n/a   | BUFG/O          | None       |         123 |               0 | 121 |      0 |    2 |   0 |  0 |    0 |   0 |       0 | xdma_0_i/inst/pcie3_ip_i/inst/gt_top_i/pipe_wrapper_i/pipe_clock_int.pipe_clock_i/CLK_USERCLK2 |
+-----------+-------+-----------------+------------+-------------+-----------------+-----+--------+------+-----+----+------+-----+---------+------------------------------------------------------------------------------------------------+
* Clock Loads column represents the clock pin loads (pin count)
** Non-Clock Loads column represents the non-clock pin loads (pin count)
*** Columns FF, LUTRAM, RAMB through 'Hard IP' represents load cell counts


15. Clock Region Cell Placement per Global Clock: Region X1Y5
-------------------------------------------------------------

+-----------+-------+-----------------+------------+-------------+-----------------+-------+--------+------+-----+----+------+-----+---------+----------------------------------------------------------------------------------------------------+
| Global Id | Track | Driver Type/Pin | Constraint | Clock Loads | Non-Clock Loads | FF    | LUTRAM | RAMB | DSP | GT | MMCM | PLL | Hard IP | Net                                                                                                |
+-----------+-------+-----------------+------------+-------------+-----------------+-------+--------+------+-----+----+------+-----+---------+----------------------------------------------------------------------------------------------------+
| g0        | n/a   | BUFG/O          | None       |       11890 |               0 | 11866 |      4 |   19 |   0 |  0 |    0 |   0 |       1 | xdma_0_i/inst/pcie3_ip_i/inst/gt_top_i/pipe_wrapper_i/pipe_clock_int.pipe_clock_i/CLK_USERCLK2     |
| g1        | n/a   | BUFGCTRL/O      | None       |        1474 |               0 |  1469 |      0 |    0 |   0 |  4 |    0 |   0 |       1 | xdma_0_i/inst/pcie3_ip_i/inst/gt_top_i/pipe_wrapper_i/pipe_clock_int.pipe_clock_i/CLK_RXUSRCLK     |
| g2        | n/a   | BUFG/O          | None       |         402 |               0 |   397 |      0 |    0 |   0 |  4 |    0 |   0 |       0 | xdma_0_i/inst/pcie3_ip_i/inst/gt_top_i/pipe_wrapper_i/pipe_clock_int.pipe_clock_i/CLK_DCLK         |
| g3        | n/a   | BUFG/O          | None       |          36 |               0 |     8 |     28 |    0 |   0 |  0 |    0 |   0 |       0 | xdma_0_i/inst/pcie3_ip_i/inst/gt_top_i/pipe_wrapper_i/gt_cpllpdrefclk                              |
| g4        | n/a   | BUFG/O          | None       |           7 |               0 |     0 |      0 |    4 |   0 |  0 |    0 |   0 |       1 | xdma_0_i/inst/pcie3_ip_i/inst/gt_top_i/pipe_wrapper_i/pipe_clock_int.pipe_clock_i/int_userclk1_out |
+-----------+-------+-----------------+------------+-------------+-----------------+-------+--------+------+-----+----+------+-----+---------+----------------------------------------------------------------------------------------------------+
* Clock Loads column represents the clock pin loads (pin count)
** Non-Clock Loads column represents the non-clock pin loads (pin count)
*** Columns FF, LUTRAM, RAMB through 'Hard IP' represents load cell counts


16. Clock Region Cell Placement per Global Clock: Region X0Y6
-------------------------------------------------------------

+-----------+-------+-----------------+------------+-------------+-----------------+----+--------+------+-----+----+------+-----+---------+------------------------------------------------------------------------------------------------+
| Global Id | Track | Driver Type/Pin | Constraint | Clock Loads | Non-Clock Loads | FF | LUTRAM | RAMB | DSP | GT | MMCM | PLL | Hard IP | Net                                                                                            |
+-----------+-------+-----------------+------------+-------------+-----------------+----+--------+------+-----+----+------+-----+---------+------------------------------------------------------------------------------------------------+
| g0        | n/a   | BUFG/O          | None       |           4 |               0 |  4 |      0 |    0 |   0 |  0 |    0 |   0 |       0 | xdma_0_i/inst/pcie3_ip_i/inst/gt_top_i/pipe_wrapper_i/pipe_clock_int.pipe_clock_i/CLK_USERCLK2 |
+-----------+-------+-----------------+------------+-------------+-----------------+----+--------+------+-----+----+------+-----+---------+------------------------------------------------------------------------------------------------+
* Clock Loads column represents the clock pin loads (pin count)
** Non-Clock Loads column represents the non-clock pin loads (pin count)
*** Columns FF, LUTRAM, RAMB through 'Hard IP' represents load cell counts


17. Clock Region Cell Placement per Global Clock: Region X1Y6
-------------------------------------------------------------

+-----------+-------+-----------------+------------+-------------+-----------------+------+--------+------+-----+----+------+-----+---------+------------------------------------------------------------------------------------------------+
| Global Id | Track | Driver Type/Pin | Constraint | Clock Loads | Non-Clock Loads | FF   | LUTRAM | RAMB | DSP | GT | MMCM | PLL | Hard IP | Net                                                                                            |
+-----------+-------+-----------------+------------+-------------+-----------------+------+--------+------+-----+----+------+-----+---------+------------------------------------------------------------------------------------------------+
| g0        | n/a   | BUFG/O          | None       |        2244 |               0 | 2237 |      0 |    7 |   0 |  0 |    0 |   0 |       0 | xdma_0_i/inst/pcie3_ip_i/inst/gt_top_i/pipe_wrapper_i/pipe_clock_int.pipe_clock_i/CLK_USERCLK2 |
+-----------+-------+-----------------+------------+-------------+-----------------+------+--------+------+-----+----+------+-----+---------+------------------------------------------------------------------------------------------------+
* Clock Loads column represents the clock pin loads (pin count)
** Non-Clock Loads column represents the non-clock pin loads (pin count)
*** Columns FF, LUTRAM, RAMB through 'Hard IP' represents load cell counts



# Location of BUFG Primitives 
set_property LOC BUFGCTRL_X0Y19 [get_cells xdma_0_i/inst/pcie3_ip_i/inst/gt_top_i/pipe_wrapper_i/pipe_clock_int.pipe_clock_i/userclk1_i1.usrclk1_i1]
set_property LOC BUFGCTRL_X0Y16 [get_cells xdma_0_i/inst/pcie3_ip_i/inst/gt_top_i/pipe_wrapper_i/pipe_clock_int.pipe_clock_i/userclk2_i1.usrclk2_i1]
set_property LOC BUFGCTRL_X0Y17 [get_cells xdma_0_i/inst/pcie3_ip_i/inst/gt_top_i/pipe_wrapper_i/pipe_clock_int.pipe_clock_i/pclk_i1_bufgctrl.pclk_i1]
set_property LOC BUFGCTRL_X0Y18 [get_cells xdma_0_i/inst/pcie3_ip_i/inst/gt_top_i/pipe_wrapper_i/pipe_clock_int.pipe_clock_i/dclk_i_bufg.dclk_i]
set_property LOC BUFGCTRL_X0Y20 [get_cells xdma_0_i/inst/pcie3_ip_i/inst/gt_top_i/pipe_wrapper_i/cpllpd_refclk_inst]

# Location of IO Primitives which is load of clock spine

# Location of clock ports
set_property LOC IPAD_X2Y161 [get_ports sys_clk_n]
set_property LOC IPAD_X2Y160 [get_ports sys_clk_p]

# Clock net "xdma_0_i/inst/pcie3_ip_i/inst/gt_top_i/pipe_wrapper_i/pipe_clock_int.pipe_clock_i/int_userclk1_out" driven by instance "xdma_0_i/inst/pcie3_ip_i/inst/gt_top_i/pipe_wrapper_i/pipe_clock_int.pipe_clock_i/userclk1_i1.usrclk1_i1" located at site "BUFGCTRL_X0Y19"
#startgroup
create_pblock {CLKAG_xdma_0_i/inst/pcie3_ip_i/inst/gt_top_i/pipe_wrapper_i/pipe_clock_int.pipe_clock_i/int_userclk1_out}
add_cells_to_pblock [get_pblocks  {CLKAG_xdma_0_i/inst/pcie3_ip_i/inst/gt_top_i/pipe_wrapper_i/pipe_clock_int.pipe_clock_i/int_userclk1_out}] [get_cells -filter { PRIMITIVE_GROUP != I/O && IS_PRIMITIVE==1 && PRIMITIVE_LEVEL !=INTERNAL } -of_object [get_pins -filter {DIRECTION==IN} -of_objects [get_nets -hierarchical -filter {PARENT=="xdma_0_i/inst/pcie3_ip_i/inst/gt_top_i/pipe_wrapper_i/pipe_clock_int.pipe_clock_i/int_userclk1_out"}]]]
resize_pblock [get_pblocks {CLKAG_xdma_0_i/inst/pcie3_ip_i/inst/gt_top_i/pipe_wrapper_i/pipe_clock_int.pipe_clock_i/int_userclk1_out}] -add {CLOCKREGION_X1Y4:CLOCKREGION_X1Y4 CLOCKREGION_X1Y5:CLOCKREGION_X1Y5}
#endgroup

# Clock net "xdma_0_i/inst/pcie3_ip_i/inst/gt_top_i/pipe_wrapper_i/pipe_clock_int.pipe_clock_i/CLK_USERCLK2" driven by instance "xdma_0_i/inst/pcie3_ip_i/inst/gt_top_i/pipe_wrapper_i/pipe_clock_int.pipe_clock_i/userclk2_i1.usrclk2_i1" located at site "BUFGCTRL_X0Y16"
#startgroup
create_pblock {CLKAG_xdma_0_i/inst/pcie3_ip_i/inst/gt_top_i/pipe_wrapper_i/pipe_clock_int.pipe_clock_i/CLK_USERCLK2}
add_cells_to_pblock [get_pblocks  {CLKAG_xdma_0_i/inst/pcie3_ip_i/inst/gt_top_i/pipe_wrapper_i/pipe_clock_int.pipe_clock_i/CLK_USERCLK2}] [get_cells -filter { PRIMITIVE_GROUP != I/O && IS_PRIMITIVE==1 && PRIMITIVE_LEVEL !=INTERNAL } -of_object [get_pins -filter {DIRECTION==IN} -of_objects [get_nets -hierarchical -filter {PARENT=="xdma_0_i/inst/pcie3_ip_i/inst/gt_top_i/pipe_wrapper_i/pipe_clock_int.pipe_clock_i/CLK_USERCLK2"}]]]
resize_pblock [get_pblocks {CLKAG_xdma_0_i/inst/pcie3_ip_i/inst/gt_top_i/pipe_wrapper_i/pipe_clock_int.pipe_clock_i/CLK_USERCLK2}] -add {CLOCKREGION_X0Y5:CLOCKREGION_X0Y5 CLOCKREGION_X0Y6:CLOCKREGION_X0Y6 CLOCKREGION_X1Y4:CLOCKREGION_X1Y4 CLOCKREGION_X1Y5:CLOCKREGION_X1Y5 CLOCKREGION_X1Y6:CLOCKREGION_X1Y6}
#endgroup

# Clock net "xdma_0_i/inst/pcie3_ip_i/inst/gt_top_i/pipe_wrapper_i/pipe_clock_int.pipe_clock_i/CLK_RXUSRCLK" driven by instance "xdma_0_i/inst/pcie3_ip_i/inst/gt_top_i/pipe_wrapper_i/pipe_clock_int.pipe_clock_i/pclk_i1_bufgctrl.pclk_i1" located at site "BUFGCTRL_X0Y17"
#startgroup
create_pblock {CLKAG_xdma_0_i/inst/pcie3_ip_i/inst/gt_top_i/pipe_wrapper_i/pipe_clock_int.pipe_clock_i/CLK_RXUSRCLK}
add_cells_to_pblock [get_pblocks  {CLKAG_xdma_0_i/inst/pcie3_ip_i/inst/gt_top_i/pipe_wrapper_i/pipe_clock_int.pipe_clock_i/CLK_RXUSRCLK}] [get_cells -filter { PRIMITIVE_GROUP != I/O && IS_PRIMITIVE==1 && PRIMITIVE_LEVEL !=INTERNAL } -of_object [get_pins -filter {DIRECTION==IN} -of_objects [get_nets -hierarchical -filter {PARENT=="xdma_0_i/inst/pcie3_ip_i/inst/gt_top_i/pipe_wrapper_i/pipe_clock_int.pipe_clock_i/CLK_RXUSRCLK"}]]]
resize_pblock [get_pblocks {CLKAG_xdma_0_i/inst/pcie3_ip_i/inst/gt_top_i/pipe_wrapper_i/pipe_clock_int.pipe_clock_i/CLK_RXUSRCLK}] -add {CLOCKREGION_X1Y4:CLOCKREGION_X1Y4 CLOCKREGION_X1Y5:CLOCKREGION_X1Y5}
#endgroup

# Clock net "xdma_0_i/inst/pcie3_ip_i/inst/gt_top_i/pipe_wrapper_i/pipe_clock_int.pipe_clock_i/CLK_DCLK" driven by instance "xdma_0_i/inst/pcie3_ip_i/inst/gt_top_i/pipe_wrapper_i/pipe_clock_int.pipe_clock_i/dclk_i_bufg.dclk_i" located at site "BUFGCTRL_X0Y18"
#startgroup
create_pblock {CLKAG_xdma_0_i/inst/pcie3_ip_i/inst/gt_top_i/pipe_wrapper_i/pipe_clock_int.pipe_clock_i/CLK_DCLK}
add_cells_to_pblock [get_pblocks  {CLKAG_xdma_0_i/inst/pcie3_ip_i/inst/gt_top_i/pipe_wrapper_i/pipe_clock_int.pipe_clock_i/CLK_DCLK}] [get_cells -filter { PRIMITIVE_GROUP != I/O && IS_PRIMITIVE==1 && PRIMITIVE_LEVEL !=INTERNAL } -of_object [get_pins -filter {DIRECTION==IN} -of_objects [get_nets -hierarchical -filter {PARENT=="xdma_0_i/inst/pcie3_ip_i/inst/gt_top_i/pipe_wrapper_i/pipe_clock_int.pipe_clock_i/CLK_DCLK"}]]]
resize_pblock [get_pblocks {CLKAG_xdma_0_i/inst/pcie3_ip_i/inst/gt_top_i/pipe_wrapper_i/pipe_clock_int.pipe_clock_i/CLK_DCLK}] -add {CLOCKREGION_X1Y3:CLOCKREGION_X1Y3 CLOCKREGION_X1Y4:CLOCKREGION_X1Y4 CLOCKREGION_X1Y5:CLOCKREGION_X1Y5}
#endgroup

# Clock net "xdma_0_i/inst/pcie3_ip_i/inst/gt_top_i/pipe_wrapper_i/gt_cpllpdrefclk" driven by instance "xdma_0_i/inst/pcie3_ip_i/inst/gt_top_i/pipe_wrapper_i/cpllpd_refclk_inst" located at site "BUFGCTRL_X0Y20"
#startgroup
create_pblock {CLKAG_xdma_0_i/inst/pcie3_ip_i/inst/gt_top_i/pipe_wrapper_i/gt_cpllpdrefclk}
add_cells_to_pblock [get_pblocks  {CLKAG_xdma_0_i/inst/pcie3_ip_i/inst/gt_top_i/pipe_wrapper_i/gt_cpllpdrefclk}] [get_cells -filter { PRIMITIVE_GROUP != I/O && IS_PRIMITIVE==1 && PRIMITIVE_LEVEL !=INTERNAL } -of_object [get_pins -filter {DIRECTION==IN} -of_objects [get_nets -hierarchical -filter {PARENT=="xdma_0_i/inst/pcie3_ip_i/inst/gt_top_i/pipe_wrapper_i/gt_cpllpdrefclk"}]]]
resize_pblock [get_pblocks {CLKAG_xdma_0_i/inst/pcie3_ip_i/inst/gt_top_i/pipe_wrapper_i/gt_cpllpdrefclk}] -add {CLOCKREGION_X1Y4:CLOCKREGION_X1Y4 CLOCKREGION_X1Y5:CLOCKREGION_X1Y5}
#endgroup
